<?xml version="1.0" encoding="UTF-8"?><testsuite errors="0" failures="1" name="Quote feature" skipped="0" tests="1" time="13.36" timestamp="2018-08-18T15:01:25.857+07:00[Asia/Bangkok]"><testcase name="Add quote"><failure message="Quote not found&#10;Expected: a collection containing &quot;asdasdasdasdasdsadsadsad&quot;&#10;     but: was &quot;You need a lot of different types of people to make the world better&quot;, was &quot;What is the most common investor mistake? Trading - getting in and getting out at all the wrong times, for all the wrong reasons.&quot;, was &quot;Crankiness is at the essence of all comedy. My wife and I were discussing the different types of cranky. There's entertaining cranky, annoying cranky, angry cranky&quot;, was &quot;I think my understanding of different types of love has certainly deepened.&quot;, was &quot;Freedom is nothing but a chance to be better.&quot;, was &quot;There are always way&quot;" type="java.lang.AssertionError">Quote not found
Expected: a collection containing "asdasdasdasdasdsadsadsad"
     but: was "You need a lot of different types of people to make the world better", was "What is the most common investor mistake? Trading - getting in and getting out at all the wrong times, for all the wrong reasons.", was "Crankiness is at the essence of all comedy. My wife and I were discussing the different types of cranky. There's entertaining cranky, annoying cranky, angry cranky", was "I think my understanding of different types of love has certainly deepened.", was "Freedom is nothing but a chance to be better.", was "There are always way"</failure><system-err>Quote not found
Expected: a collection containing "asdasdasdasdasdsadsadsad"
     but: was "You need a lot of different types of people to make the world better", was "What is the most common investor mistake? Trading - getting in and getting out at all the wrong times, for all the wrong reasons.", was "Crankiness is at the essence of all comedy. My wife and I were discussing the different types of cranky. There's entertaining cranky, annoying cranky, angry cranky", was "I think my understanding of different types of love has certainly deepened.", was "Freedom is nothing but a chance to be better.", was "There are always way"&#13;
com.blibli.future.testing.steps.serenity.EndUserQuoteSteps.seeQuote(EndUserQuoteSteps.java:44)&#13;
com.blibli.future.testing.steps.QuoteSteps.userShouldSeeQuote(QuoteSteps.java:48)&#13;
✽.User should see quote "asdasdasdasdasdsadsadsad"(src/test/resources/features/Quotes.feature:11)&#13;
</system-err></testcase></testsuite>